2023-12-19 17:35:55,004 INFO o.a.j.u.JMeterUtils: Setting Locale to en_EN
2023-12-19 17:35:55,037 INFO o.a.j.JMeter: Loading user properties from: user.properties
2023-12-19 17:35:55,048 INFO o.a.j.JMeter: Loading system properties from: system.properties
2023-12-19 17:35:55,055 INFO o.a.j.JMeter: Copyright (c) 1998-2023 The Apache Software Foundation
2023-12-19 17:35:55,056 INFO o.a.j.JMeter: Version 5.6.2
2023-12-19 17:35:55,056 INFO o.a.j.JMeter: java.version=19.0.1
2023-12-19 17:35:55,056 INFO o.a.j.JMeter: java.vm.name=Java HotSpot(TM) 64-Bit Server VM
2023-12-19 17:35:55,056 INFO o.a.j.JMeter: os.name=Windows 11
2023-12-19 17:35:55,056 INFO o.a.j.JMeter: os.arch=amd64
2023-12-19 17:35:55,056 INFO o.a.j.JMeter: os.version=10.0
2023-12-19 17:35:55,056 INFO o.a.j.JMeter: file.encoding=UTF-8
2023-12-19 17:35:55,056 INFO o.a.j.JMeter: java.awt.headless=null
2023-12-19 17:35:55,056 INFO o.a.j.JMeter: Max memory     =1073741824
2023-12-19 17:35:55,056 INFO o.a.j.JMeter: Available Processors =8
2023-12-19 17:35:55,075 INFO o.a.j.JMeter: Default Locale=English (EN)
2023-12-19 17:35:55,075 INFO o.a.j.JMeter: JMeter  Locale=English (EN)
2023-12-19 17:35:55,075 INFO o.a.j.JMeter: JMeterHome=E:\apache-jmeter-5.6.2
2023-12-19 17:35:55,075 INFO o.a.j.JMeter: user.dir  =E:\apache-jmeter-5.6.2\bin
2023-12-19 17:35:55,076 INFO o.a.j.JMeter: PWD       =E:\apache-jmeter-5.6.2\bin
2023-12-19 17:35:55,077 INFO o.a.j.JMeter: IP: 192.168.0.123 Name: RIFATs_Universe FullName: RIFATs_Universe
2023-12-19 17:35:55,093 INFO o.a.j.JMeter: Loaded icon properties from org/apache/jmeter/images/icon.properties
2023-12-19 17:35:55,369 INFO o.a.j.JMeterGuiLauncher: Setting LAF to: com.github.weisj.darklaf.DarkLaf:com.github.weisj.darklaf.theme.DarculaTheme
2023-12-19 17:35:56,737 INFO o.a.j.r.ClassFinder: Will scan jar E:\apache-jmeter-5.6.2\lib\ext\jmeter-plugins-casutg-2.10.jar with filter ExtendsClassFilter [parents=[interface org.apache.jmeter.gui.action.Command], inner=false, contains=null, notContains=null]. Consider exposing JMeter plugins via META-INF/services, and add JMeter-Skip-Class-Scanning=true manifest attribute so JMeter can skip classfile scanning
2023-12-19 17:35:56,751 INFO o.a.j.r.ClassFinder: Will scan jar E:\apache-jmeter-5.6.2\lib\ext\jmeter-plugins-manager-1.10.jar with filter ExtendsClassFilter [parents=[interface org.apache.jmeter.gui.action.Command], inner=false, contains=null, notContains=null]. Consider exposing JMeter plugins via META-INF/services, and add JMeter-Skip-Class-Scanning=true manifest attribute so JMeter can skip classfile scanning
2023-12-19 17:35:56,946 INFO o.a.j.r.ClassFinder: Will scan jar E:\apache-jmeter-5.6.2\lib\ext\jmeter-plugins-casutg-2.10.jar with filter ExtendsClassFilter [parents=[interface org.apache.jmeter.gui.plugin.MenuCreator], inner=false, contains=null, notContains=null]. Consider exposing JMeter plugins via META-INF/services, and add JMeter-Skip-Class-Scanning=true manifest attribute so JMeter can skip classfile scanning
2023-12-19 17:35:56,949 INFO o.a.j.r.ClassFinder: Will scan jar E:\apache-jmeter-5.6.2\lib\ext\jmeter-plugins-manager-1.10.jar with filter ExtendsClassFilter [parents=[interface org.apache.jmeter.gui.plugin.MenuCreator], inner=false, contains=null, notContains=null]. Consider exposing JMeter plugins via META-INF/services, and add JMeter-Skip-Class-Scanning=true manifest attribute so JMeter can skip classfile scanning
2023-12-19 17:35:57,388 INFO o.j.r.JARSourceHTTP: Requesting https://jmeter-plugins.org/repo/?installID=windows_11-0a18c4cb5d09950a75f5c718ba82138b-gui
2023-12-19 17:36:00,990 INFO o.j.r.PluginManager: Plugins Status: [jpgc-casutg=2.10, jpgc-plugins-manager=1.10, jmeter-core=5.6.2, jmeter-ftp=5.6.2, jmeter-http=5.6.2, jmeter-jdbc=5.6.2, jmeter-jms=5.6.2, jmeter-junit=5.6.2, jmeter-java=5.6.2, jmeter-ldap=5.6.2, jmeter-mail=5.6.2, jmeter-mongodb=5.6.2, jmeter-native=5.6.2, jmeter-tcp=5.6.2, jmeter-components=5.6.2]
2023-12-19 17:36:23,848 INFO o.a.j.s.FileServer: Default base='E:\apache-jmeter-5.6.2\bin'
2023-12-19 17:36:23,851 INFO o.a.j.g.a.Load: Loading file: E:\apache-jmeter-5.6.2\bin\OrangeHRMFinal.jmx
2023-12-19 17:36:23,851 INFO o.a.j.s.FileServer: Set new base='E:\apache-jmeter-5.6.2\bin'
2023-12-19 17:36:24,122 INFO o.a.j.s.SaveService: Testplan (JMX) version: 2.2. Testlog (JTL) version: 2.2
2023-12-19 17:36:24,138 INFO o.a.j.s.SaveService: Using SaveService properties version 5.0
2023-12-19 17:36:24,141 INFO o.a.j.s.SaveService: Using SaveService properties file encoding UTF-8
2023-12-19 17:36:24,142 INFO o.a.j.s.SaveService: Loading file: E:\apache-jmeter-5.6.2\bin\OrangeHRMFinal.jmx
2023-12-19 17:36:24,316 INFO o.a.j.p.h.s.HTTPSamplerBase: Parser for text/html is org.apache.jmeter.protocol.http.parser.LagartoBasedHtmlParser
2023-12-19 17:36:24,316 INFO o.a.j.p.h.s.HTTPSamplerBase: Parser for application/xhtml+xml is org.apache.jmeter.protocol.http.parser.LagartoBasedHtmlParser
2023-12-19 17:36:24,316 INFO o.a.j.p.h.s.HTTPSamplerBase: Parser for application/xml is org.apache.jmeter.protocol.http.parser.LagartoBasedHtmlParser
2023-12-19 17:36:24,316 INFO o.a.j.p.h.s.HTTPSamplerBase: Parser for text/xml is org.apache.jmeter.protocol.http.parser.LagartoBasedHtmlParser
2023-12-19 17:36:24,316 INFO o.a.j.p.h.s.HTTPSamplerBase: Parser for text/vnd.wap.wml is org.apache.jmeter.protocol.http.parser.RegexpHTMLParser
2023-12-19 17:36:24,316 INFO o.a.j.p.h.s.HTTPSamplerBase: Parser for text/css is org.apache.jmeter.protocol.http.parser.CssParser
2023-12-19 17:36:24,415 INFO o.a.j.e.u.CompoundVariable: Note: Function class names must contain the string: '.functions.'
2023-12-19 17:36:24,415 INFO o.a.j.e.u.CompoundVariable: Note: Function class names must not contain the string: '.gui.'
2023-12-19 17:36:24,495 INFO o.a.j.r.ClassFinder: Will scan jar E:\apache-jmeter-5.6.2\lib\ext\jmeter-plugins-casutg-2.10.jar with filter ExtendsClassFilter [parents=[interface org.apache.jmeter.functions.Function], inner=false, contains=null, notContains=null]. Consider exposing JMeter plugins via META-INF/services, and add JMeter-Skip-Class-Scanning=true manifest attribute so JMeter can skip classfile scanning
2023-12-19 17:36:24,497 INFO o.a.j.r.ClassFinder: Will scan jar E:\apache-jmeter-5.6.2\lib\ext\jmeter-plugins-manager-1.10.jar with filter ExtendsClassFilter [parents=[interface org.apache.jmeter.functions.Function], inner=false, contains=null, notContains=null]. Consider exposing JMeter plugins via META-INF/services, and add JMeter-Skip-Class-Scanning=true manifest attribute so JMeter can skip classfile scanning
2023-12-19 17:36:24,713 INFO o.a.j.s.SampleResult: Note: Sample TimeStamps are START times
2023-12-19 17:36:24,713 INFO o.a.j.s.SampleResult: sampleresult.default.encoding is set to UTF-8
2023-12-19 17:36:24,713 INFO o.a.j.s.SampleResult: sampleresult.useNanoTime=true
2023-12-19 17:36:24,713 INFO o.a.j.s.SampleResult: sampleresult.nanoThreadSleep=5000
2023-12-19 17:36:24,892 INFO o.a.j.r.ClassFinder: Will scan jar E:\apache-jmeter-5.6.2\lib\ext\jmeter-plugins-casutg-2.10.jar with filter ExtendsClassFilter [parents=[interface org.apache.jmeter.visualizers.ResultRenderer], inner=false, contains=null, notContains=null]. Consider exposing JMeter plugins via META-INF/services, and add JMeter-Skip-Class-Scanning=true manifest attribute so JMeter can skip classfile scanning
2023-12-19 17:36:24,894 INFO o.a.j.r.ClassFinder: Will scan jar E:\apache-jmeter-5.6.2\lib\ext\jmeter-plugins-manager-1.10.jar with filter ExtendsClassFilter [parents=[interface org.apache.jmeter.visualizers.ResultRenderer], inner=false, contains=null, notContains=null]. Consider exposing JMeter plugins via META-INF/services, and add JMeter-Skip-Class-Scanning=true manifest attribute so JMeter can skip classfile scanning
2023-12-19 17:36:24,915 INFO o.a.j.r.ClassFinder: Will scan jar E:\apache-jmeter-5.6.2\lib\ext\jmeter-plugins-casutg-2.10.jar with filter ExtendsClassFilter [parents=[interface org.apache.jmeter.visualizers.RequestView], inner=false, contains=null, notContains=null]. Consider exposing JMeter plugins via META-INF/services, and add JMeter-Skip-Class-Scanning=true manifest attribute so JMeter can skip classfile scanning
2023-12-19 17:36:24,917 INFO o.a.j.r.ClassFinder: Will scan jar E:\apache-jmeter-5.6.2\lib\ext\jmeter-plugins-manager-1.10.jar with filter ExtendsClassFilter [parents=[interface org.apache.jmeter.visualizers.RequestView], inner=false, contains=null, notContains=null]. Consider exposing JMeter plugins via META-INF/services, and add JMeter-Skip-Class-Scanning=true manifest attribute so JMeter can skip classfile scanning
2023-12-19 17:36:25,031 INFO o.a.j.r.ClassFinder: Will scan jar E:\apache-jmeter-5.6.2\lib\ext\jmeter-plugins-casutg-2.10.jar with filter ExtendsClassFilter [parents=[interface org.apache.jmeter.visualizers.ResultRenderer], inner=false, contains=null, notContains=null]. Consider exposing JMeter plugins via META-INF/services, and add JMeter-Skip-Class-Scanning=true manifest attribute so JMeter can skip classfile scanning
2023-12-19 17:36:25,032 INFO o.a.j.r.ClassFinder: Will scan jar E:\apache-jmeter-5.6.2\lib\ext\jmeter-plugins-manager-1.10.jar with filter ExtendsClassFilter [parents=[interface org.apache.jmeter.visualizers.ResultRenderer], inner=false, contains=null, notContains=null]. Consider exposing JMeter plugins via META-INF/services, and add JMeter-Skip-Class-Scanning=true manifest attribute so JMeter can skip classfile scanning
2023-12-19 17:36:25,049 INFO o.a.j.r.ClassFinder: Will scan jar E:\apache-jmeter-5.6.2\lib\ext\jmeter-plugins-casutg-2.10.jar with filter ExtendsClassFilter [parents=[interface org.apache.jmeter.visualizers.RequestView], inner=false, contains=null, notContains=null]. Consider exposing JMeter plugins via META-INF/services, and add JMeter-Skip-Class-Scanning=true manifest attribute so JMeter can skip classfile scanning
2023-12-19 17:36:25,051 INFO o.a.j.r.ClassFinder: Will scan jar E:\apache-jmeter-5.6.2\lib\ext\jmeter-plugins-manager-1.10.jar with filter ExtendsClassFilter [parents=[interface org.apache.jmeter.visualizers.RequestView], inner=false, contains=null, notContains=null]. Consider exposing JMeter plugins via META-INF/services, and add JMeter-Skip-Class-Scanning=true manifest attribute so JMeter can skip classfile scanning
2023-12-19 17:36:25,181 INFO o.a.j.s.FileServer: Set new base='E:\apache-jmeter-5.6.2\bin'
